<?xml version="1.0" encoding="UTF-8"?>
<testng-results skipped="0" failed="0" ignored="0" total="1" passed="1">
  <reporter-output>
  </reporter-output>
  <suite name="Default suite" duration-ms="180688" started-at="2018-06-27T05:38:53Z" finished-at="2018-06-27T05:41:54Z">
    <groups>
    </groups>
    <test name="Default test" duration-ms="180688" started-at="2018-06-27T05:38:53Z" finished-at="2018-06-27T05:41:54Z">
      <class name="com.jenkins_execution.jenkinsrun">
        <test-method status="PASS" signature="beforeClass()[pri:0, instance:com.jenkins_execution.jenkinsrun@5b275dab]" name="beforeClass" is-config="true" duration-ms="147510" started-at="2018-06-27T05:38:53Z" finished-at="2018-06-27T05:41:21Z">
          <reporter-output>
          </reporter-output>
        </test-method> <!-- beforeClass -->
        <test-method status="PASS" signature="googlesearch()[pri:0, instance:com.jenkins_execution.jenkinsrun@5b275dab]" name="googlesearch" duration-ms="31118" started-at="2018-06-27T05:41:21Z" finished-at="2018-06-27T05:41:53Z">
          <reporter-output>
          </reporter-output>
        </test-method> <!-- googlesearch -->
        <test-method status="PASS" signature="afterClass()[pri:0, instance:com.jenkins_execution.jenkinsrun@5b275dab]" name="afterClass" is-config="true" duration-ms="1368" started-at="2018-06-27T05:41:53Z" finished-at="2018-06-27T05:41:54Z">
          <reporter-output>
          </reporter-output>
        </test-method> <!-- afterClass -->
      </class> <!-- com.jenkins_execution.jenkinsrun -->
    </test> <!-- Default test -->
  </suite> <!-- Default suite -->
</testng-results>
